Added Pin To Net: NetName=EN Pin=U3-23
Added Member To Class: ClassName=U_entrée_sortie Member=Component J1 282834-2
Added Member To Class: ClassName=U_entrée_sortie Member=Component J2 282834-2
Added Member To Class: ClassName=U_entrée_sortie Member=Component J3 282834-2
Added Member To Class: ClassName=U_entrée_sortie Member=Component J4 282834-2
Added Member To Class: ClassName=U_entrée_sortie Member=Component J5 282834-2
Added Member To Class: ClassName=U_entrée_sortie Member=Component J6 282834-2
Added Member To Class: ClassName=U_entrée_sortie Member=Component J7 282834-2
Added Member To Class: ClassName=U_entrée_sortie Member=Component J8 282834-2
Added Member To Class: ClassName=U_entrée_sortie Member=Component J9 282834-2
Added Member To Class: ClassName=U_entrée_sortie Member=Component J10 282834-2
Added Member To Class: ClassName=U_circuit de charge Member=Component J11 282834-2
Added Member To Class: ClassName=U_circuit de charge Member=Component J12 282834-2
Added Member To Class: ClassName=U_board Member=Component LED1 LED RED
Added Member To Class: ClassName=U_board Member=Component LED4 LED RED
Added Member To Class: ClassName=U_circuit de charge Member=Component LED5 LED RED
Added Member To Class: ClassName=U_circuit de charge Member=Component LED6 led green
Added Member To Class: ClassName=U_circuit de charge Member=Component N1 ntc 10D - 11
Added Member To Class: ClassName=U_entrée_sortie Member=Component O1 optocoupleur
Added Member To Class: ClassName=U_entrée_sortie Member=Component O2 optocoupleur
Added Member To Class: ClassName=U_entrée_sortie Member=Component O3 optocoupleur
Added Member To Class: ClassName=U_entrée_sortie Member=Component O4 optocoupleur
Added Member To Class: ClassName=U_entrée_sortie Member=Component O5 optocoupleur
Added Member To Class: ClassName=U_entrée_sortie Member=Component R1 RES_10K
Added Member To Class: ClassName=U_entrée_sortie Member=Component R2 RES_10K
Added Member To Class: ClassName=U_entrée_sortie Member=Component R3 RES_10K
Added Member To Class: ClassName=U_entrée_sortie Member=Component R4 RES_10K
Added Member To Class: ClassName=U_entrée_sortie Member=Component R5 RES_10K
Added Member To Class: ClassName=U_entrée_sortie Member=Component R6 res 220
Added Member To Class: ClassName=U_entrée_sortie Member=Component R7 res 220
Added Member To Class: ClassName=U_entrée_sortie Member=Component R8 res 220
Added Member To Class: ClassName=U_entrée_sortie Member=Component R9 res 220
Added Member To Class: ClassName=U_entrée_sortie Member=Component R10 res 220
Added Member To Class: ClassName=U_circuit de charge Member=Component R11
Added Member To Class: ClassName=U_circuit de charge Member=Component R12
Added Member To Class: ClassName=U_circuit de charge Member=Component R13
Added Member To Class: ClassName=U_circuit de charge Member=Component R14 RES_10K
Added Member To Class: ClassName=U_circuit de charge Member=Component R15 res 220
Added Member To Class: ClassName=U_circuit de charge Member=Component R16 res 220
Added Member To Class: ClassName=U_board Member=Component R17 RES_10K
Added Member To Class: ClassName=U_board Member=Component R18 res 220
Added Member To Class: ClassName=U_board Member=Component R19 res 220
Added Member To Class: ClassName=U_circuit de charge Member=Component Rprog 1206
Added Member To Class: ClassName=U_board Member=Component SW1 4301x60707x6
Added Member To Class: ClassName=U_circuit de charge Member=Component U1
Added Member To Class: ClassName=U_circuit de charge Member=Component U2 tp4056
Added Member To Class: ClassName=U_board Member=Component U3 LilyGo-T-Call-SIM800L
Added Room: Name=U_board
Added Room: Name=U_circuit de charge
Added Room: Name=U_entrée_sortie
